2006.12.06 11:58 B D:\MYCOURSES\OOP\DersSunumlar\bim30520062007\Pattern1\maze\Command.java --> efe.ege.edu.tr /usr/users/academic/erdur/wwwhome/2006-2007/bim305-2006/Pattern1/maze Command.java
2006.12.06 11:58 B D:\MYCOURSES\OOP\DersSunumlar\bim30520062007\Pattern1\maze\Direction.java --> efe.ege.edu.tr /usr/users/academic/erdur/wwwhome/2006-2007/bim305-2006/Pattern1/maze Direction.java
2006.12.06 11:58 B D:\MYCOURSES\OOP\DersSunumlar\bim30520062007\Pattern1\maze\Door.java --> efe.ege.edu.tr /usr/users/academic/erdur/wwwhome/2006-2007/bim305-2006/Pattern1/maze Door.java
2006.12.06 11:58 B D:\MYCOURSES\OOP\DersSunumlar\bim30520062007\Pattern1\maze\FactoryMazeBuilder.java --> efe.ege.edu.tr /usr/users/academic/erdur/wwwhome/2006-2007/bim305-2006/Pattern1/maze FactoryMazeBuilder.java
2006.12.06 11:58 B D:\MYCOURSES\OOP\DersSunumlar\bim30520062007\Pattern1\maze\MapSite.java --> efe.ege.edu.tr /usr/users/academic/erdur/wwwhome/2006-2007/bim305-2006/Pattern1/maze MapSite.java
2006.12.06 11:58 B D:\MYCOURSES\OOP\DersSunumlar\bim30520062007\Pattern1\maze\Maze.java --> efe.ege.edu.tr /usr/users/academic/erdur/wwwhome/2006-2007/bim305-2006/Pattern1/maze Maze.java
2006.12.06 11:58 B D:\MYCOURSES\OOP\DersSunumlar\bim30520062007\Pattern1\maze\maze.properties --> efe.ege.edu.tr /usr/users/academic/erdur/wwwhome/2006-2007/bim305-2006/Pattern1/maze maze.properties
2006.12.06 11:58 B D:\MYCOURSES\OOP\DersSunumlar\bim30520062007\Pattern1\maze\Maze2.java --> efe.ege.edu.tr /usr/users/academic/erdur/wwwhome/2006-2007/bim305-2006/Pattern1/maze Maze2.java
2006.12.06 11:58 B D:\MYCOURSES\OOP\DersSunumlar\bim30520062007\Pattern1\maze\MazeBuilder.java --> efe.ege.edu.tr /usr/users/academic/erdur/wwwhome/2006-2007/bim305-2006/Pattern1/maze MazeBuilder.java
2006.12.06 11:58 B D:\MYCOURSES\OOP\DersSunumlar\bim30520062007\Pattern1\maze\MazeFactory.java --> efe.ege.edu.tr /usr/users/academic/erdur/wwwhome/2006-2007/bim305-2006/Pattern1/maze MazeFactory.java
2006.12.06 11:58 B D:\MYCOURSES\OOP\DersSunumlar\bim30520062007\Pattern1\maze\MazeGameAbstractFactory.java --> efe.ege.edu.tr /usr/users/academic/erdur/wwwhome/2006-2007/bim305-2006/Pattern1/maze MazeGameAbstractFactory.java
2006.12.06 11:58 B D:\MYCOURSES\OOP\DersSunumlar\bim30520062007\Pattern1\maze\MazeGameBuilder.java --> efe.ege.edu.tr /usr/users/academic/erdur/wwwhome/2006-2007/bim305-2006/Pattern1/maze MazeGameBuilder.java
2006.12.06 11:58 B D:\MYCOURSES\OOP\DersSunumlar\bim30520062007\Pattern1\maze\MazeGameCreator.java --> efe.ege.edu.tr /usr/users/academic/erdur/wwwhome/2006-2007/bim305-2006/Pattern1/maze MazeGameCreator.java
2006.12.06 11:58 B D:\MYCOURSES\OOP\DersSunumlar\bim30520062007\Pattern1\maze\MazeMoveCommand.java --> efe.ege.edu.tr /usr/users/academic/erdur/wwwhome/2006-2007/bim305-2006/Pattern1/maze MazeMoveCommand.java
2006.12.06 11:58 B D:\MYCOURSES\OOP\DersSunumlar\bim30520062007\Pattern1\maze\MazePrototypeFactory.java --> efe.ege.edu.tr /usr/users/academic/erdur/wwwhome/2006-2007/bim305-2006/Pattern1/maze MazePrototypeFactory.java
2006.12.06 11:58 B D:\MYCOURSES\OOP\DersSunumlar\bim30520062007\Pattern1\maze\Orientation.java --> efe.ege.edu.tr /usr/users/academic/erdur/wwwhome/2006-2007/bim305-2006/Pattern1/maze Orientation.java
2006.12.06 11:58 B D:\MYCOURSES\OOP\DersSunumlar\bim30520062007\Pattern1\maze\Room.java --> efe.ege.edu.tr /usr/users/academic/erdur/wwwhome/2006-2007/bim305-2006/Pattern1/maze Room.java
2006.12.06 11:58 B D:\MYCOURSES\OOP\DersSunumlar\bim30520062007\Pattern1\maze\SimpleMazeBuilder.java --> efe.ege.edu.tr /usr/users/academic/erdur/wwwhome/2006-2007/bim305-2006/Pattern1/maze SimpleMazeBuilder.java
2006.12.06 11:58 B D:\MYCOURSES\OOP\DersSunumlar\bim30520062007\Pattern1\maze\SimpleMazeGame.java --> efe.ege.edu.tr /usr/users/academic/erdur/wwwhome/2006-2007/bim305-2006/Pattern1/maze SimpleMazeGame.java
2006.12.06 11:58 B D:\MYCOURSES\OOP\DersSunumlar\bim30520062007\Pattern1\maze\UndoableCommand.java --> efe.ege.edu.tr /usr/users/academic/erdur/wwwhome/2006-2007/bim305-2006/Pattern1/maze UndoableCommand.java
2006.12.06 11:58 B D:\MYCOURSES\OOP\DersSunumlar\bim30520062007\Pattern1\maze\UndoableMazeGame.java --> efe.ege.edu.tr /usr/users/academic/erdur/wwwhome/2006-2007/bim305-2006/Pattern1/maze UndoableMazeGame.java
2006.12.06 11:58 B D:\MYCOURSES\OOP\DersSunumlar\bim30520062007\Pattern1\maze\UniversalMazeFactory.java --> efe.ege.edu.tr /usr/users/academic/erdur/wwwhome/2006-2007/bim305-2006/Pattern1/maze UniversalMazeFactory.java
2006.12.06 11:58 B D:\MYCOURSES\OOP\DersSunumlar\bim30520062007\Pattern1\maze\Wall.java --> efe.ege.edu.tr /usr/users/academic/erdur/wwwhome/2006-2007/bim305-2006/Pattern1/maze Wall.java
